2025-12-25 21:57:34,128 - data_preparation - INFO - ================================================================================
2025-12-25 21:57:34,129 - data_preparation - INFO - Starting Data Preparation Pipeline
2025-12-25 21:57:34,129 - data_preparation - INFO - ================================================================================
2025-12-25 21:57:34,130 - data_preparation - INFO - 
1. Loading configuration...
2025-12-25 22:14:16,084 - data_preparation - INFO - ================================================================================
2025-12-25 22:14:16,084 - data_preparation - INFO - Starting Data Preparation Pipeline
2025-12-25 22:14:16,084 - data_preparation - INFO - ================================================================================
2025-12-25 22:14:16,085 - data_preparation - INFO - 
1. Loading configuration...
2025-12-25 22:14:16,091 - data_preparation - INFO - 
2. Loading raw data...
2025-12-25 22:14:16,847 - data_preparation - INFO - 
3. Validating data quality...
2025-12-25 22:14:17,103 - data_preparation - INFO - 
4. Performing feature engineering...
2025-12-25 22:14:17,466 - data_preparation - INFO - 
5. Saving processed data...
2025-12-25 22:14:18,833 - data_preparation - INFO - 
================================================================================
2025-12-25 22:14:18,835 - data_preparation - INFO - ================================================================================
2025-12-25 22:14:18,836 - data_preparation - INFO - Final dataset shape: (146987, 25)
2025-12-25 22:14:18,836 - data_preparation - INFO - Processed data saved to: data/processed/
