2025-12-25 23:42:16,088 - insurance_training - INFO - ================================================================================
2025-12-25 23:42:16,088 - insurance_training - INFO - Starting Insurance Claims Prediction Pipeline
2025-12-25 23:42:16,088 - insurance_training - INFO - ================================================================================
2025-12-25 23:42:16,088 - insurance_training - INFO - 
1. Loading configuration...
2025-12-25 23:42:16,098 - insurance_training - INFO - 
2. Loading processed data...
2025-12-25 23:42:16,665 - insurance_training - INFO - 
3. Preparing features and target...
2025-12-25 23:42:16,710 - insurance_training - INFO - Modeling dataset shape: (146987, 14)
2025-12-25 23:42:16,710 - insurance_training - INFO - Numeric features: 7
2025-12-25 23:42:16,710 - insurance_training - INFO - Categorical features: 6
2025-12-25 23:42:17,201 - insurance_training - INFO - 
4. Initializing model trainer...
2025-12-25 23:42:17,263 - insurance_training - INFO - 
5. Training models with hyperparameter tuning...
2025-12-25 23:42:17,263 - insurance_training - INFO - --------------------------------------------------------------------------------
2025-12-26 00:09:03,276 - insurance_training - INFO - ================================================================================
2025-12-26 00:09:03,276 - insurance_training - INFO - Starting Insurance Claims Prediction Pipeline
2025-12-26 00:09:03,277 - insurance_training - INFO - ================================================================================
2025-12-26 00:09:03,277 - insurance_training - INFO - 
1. Loading configuration...
2025-12-26 00:09:03,286 - insurance_training - INFO - 
2. Loading processed data...
2025-12-26 00:09:03,907 - insurance_training - INFO - 
3. Preparing features and target...
2025-12-26 00:09:03,945 - insurance_training - INFO - Modeling dataset shape: (146987, 14)
2025-12-26 00:09:03,946 - insurance_training - INFO - Numeric features: 7
2025-12-26 00:09:03,946 - insurance_training - INFO - Categorical features: 6
2025-12-26 00:09:04,410 - insurance_training - INFO - Feature names after preprocessing: 24 features
2025-12-26 00:09:04,414 - insurance_training - INFO - 
4. Initializing model trainer...
2025-12-26 00:09:04,426 - insurance_training - INFO - 
5. Training models with hyperparameter tuning...
2025-12-26 00:09:04,427 - insurance_training - INFO - --------------------------------------------------------------------------------
2025-12-27 12:11:13,870 - insurance_training - INFO - ================================================================================
2025-12-27 12:11:13,871 - insurance_training - INFO - Starting Insurance Claims Prediction Pipeline
2025-12-27 12:11:13,871 - insurance_training - INFO - ================================================================================
2025-12-27 12:11:13,871 - insurance_training - INFO - 
1. Loading configuration...
2025-12-27 12:11:13,912 - insurance_training - INFO - 
2. Loading processed data...
2025-12-27 12:11:14,437 - insurance_training - INFO - 
3. Preparing features and target...
2025-12-27 12:11:14,470 - insurance_training - INFO - Modeling dataset shape: (146987, 14)
2025-12-27 12:11:14,470 - insurance_training - INFO - Numeric features: 7
2025-12-27 12:11:14,471 - insurance_training - INFO - Categorical features: 6
2025-12-27 12:11:14,914 - insurance_training - INFO - Feature names after preprocessing: 24 features
2025-12-27 12:11:14,918 - insurance_training - INFO - 
4. Initializing model trainer...
2025-12-27 12:11:14,964 - insurance_training - INFO - 
5. Training models with hyperparameter tuning...
2025-12-27 12:11:14,965 - insurance_training - INFO - --------------------------------------------------------------------------------
2025-12-27 13:43:18,934 - insurance_training - INFO - 
6. Reviewing pinned models...
2025-12-27 13:43:18,938 - insurance_training - INFO - 
7. Comparing all models...
2025-12-27 19:12:06,903 - insurance_training - INFO - 
8. Loading best model from pins...
2025-12-27 19:13:08,155 - insurance_training - INFO - 
8. Loading best model from pins...
2025-12-27 19:14:27,081 - insurance_training - INFO - 
6. Reviewing pinned models...
2025-12-27 19:14:38,785 - insurance_training - INFO - 
8. Loading best model from pins...
2025-12-27 19:22:17,309 - insurance_training - INFO - 
8. Loading best model from pins...
